  GrafkomH-672018152-Tugas6.cpp
C:\Users\Alfriyanis\source\repos\GrafkomH-672018152-Tugas6\GrafkomH-672018152-Tugas6\GrafkomH-672018152-Tugas6.cpp(23,28): warning C4305: 'argument': truncation from 'double' to 'GLfloat'
C:\Users\Alfriyanis\source\repos\GrafkomH-672018152-Tugas6\GrafkomH-672018152-Tugas6\GrafkomH-672018152-Tugas6.cpp(47,28): warning C4305: 'argument': truncation from 'double' to 'GLfloat'
C:\Users\Alfriyanis\source\repos\GrafkomH-672018152-Tugas6\GrafkomH-672018152-Tugas6\GrafkomH-672018152-Tugas6.cpp(55,28): warning C4305: 'argument': truncation from 'double' to 'GLfloat'
C:\Users\Alfriyanis\source\repos\GrafkomH-672018152-Tugas6\GrafkomH-672018152-Tugas6\GrafkomH-672018152-Tugas6.cpp(64,30): warning C4305: 'argument': truncation from 'double' to 'GLfloat'
C:\Users\Alfriyanis\source\repos\GrafkomH-672018152-Tugas6\GrafkomH-672018152-Tugas6\GrafkomH-672018152-Tugas6.cpp(72,33): warning C4305: 'argument': truncation from 'double' to 'GLfloat'
C:\Users\Alfriyanis\source\repos\GrafkomH-672018152-Tugas6\GrafkomH-672018152-Tugas6\GrafkomH-672018152-Tugas6.cpp(73,32): warning C4305: 'argument': truncation from 'double' to 'GLfloat'
C:\Users\Alfriyanis\source\repos\GrafkomH-672018152-Tugas6\GrafkomH-672018152-Tugas6\GrafkomH-672018152-Tugas6.cpp(77,28): warning C4305: 'argument': truncation from 'double' to 'GLfloat'
C:\Users\Alfriyanis\source\repos\GrafkomH-672018152-Tugas6\GrafkomH-672018152-Tugas6\GrafkomH-672018152-Tugas6.cpp(79,32): warning C4305: 'argument': truncation from 'double' to 'GLfloat'
C:\Users\Alfriyanis\source\repos\GrafkomH-672018152-Tugas6\GrafkomH-672018152-Tugas6\GrafkomH-672018152-Tugas6.cpp(79,63): warning C4305: 'argument': truncation from 'double' to 'GLfloat'
C:\Users\Alfriyanis\source\repos\GrafkomH-672018152-Tugas6\GrafkomH-672018152-Tugas6\GrafkomH-672018152-Tugas6.cpp(80,32): warning C4305: 'argument': truncation from 'double' to 'GLfloat'
C:\Users\Alfriyanis\source\repos\GrafkomH-672018152-Tugas6\GrafkomH-672018152-Tugas6\GrafkomH-672018152-Tugas6.cpp(80,63): warning C4305: 'argument': truncation from 'double' to 'GLfloat'
C:\Users\Alfriyanis\source\repos\GrafkomH-672018152-Tugas6\GrafkomH-672018152-Tugas6\GrafkomH-672018152-Tugas6.cpp(83,28): warning C4305: 'argument': truncation from 'double' to 'GLfloat'
C:\Users\Alfriyanis\source\repos\GrafkomH-672018152-Tugas6\GrafkomH-672018152-Tugas6\GrafkomH-672018152-Tugas6.cpp(85,32): warning C4305: 'argument': truncation from 'double' to 'GLfloat'
C:\Users\Alfriyanis\source\repos\GrafkomH-672018152-Tugas6\GrafkomH-672018152-Tugas6\GrafkomH-672018152-Tugas6.cpp(85,63): warning C4305: 'argument': truncation from 'double' to 'GLfloat'
C:\Users\Alfriyanis\source\repos\GrafkomH-672018152-Tugas6\GrafkomH-672018152-Tugas6\GrafkomH-672018152-Tugas6.cpp(86,32): warning C4305: 'argument': truncation from 'double' to 'GLfloat'
C:\Users\Alfriyanis\source\repos\GrafkomH-672018152-Tugas6\GrafkomH-672018152-Tugas6\GrafkomH-672018152-Tugas6.cpp(86,63): warning C4305: 'argument': truncation from 'double' to 'GLfloat'
C:\Users\Alfriyanis\source\repos\GrafkomH-672018152-Tugas6\GrafkomH-672018152-Tugas6\GrafkomH-672018152-Tugas6.cpp(106,28): warning C4305: 'argument': truncation from 'double' to 'GLfloat'
C:\Users\Alfriyanis\source\repos\GrafkomH-672018152-Tugas6\GrafkomH-672018152-Tugas6\GrafkomH-672018152-Tugas6.cpp(112,30): warning C4305: 'argument': truncation from 'double' to 'GLfloat'
C:\Users\Alfriyanis\source\repos\GrafkomH-672018152-Tugas6\GrafkomH-672018152-Tugas6\GrafkomH-672018152-Tugas6.cpp(118,31): warning C4305: 'argument': truncation from 'double' to 'GLfloat'
C:\Users\Alfriyanis\source\repos\GrafkomH-672018152-Tugas6\GrafkomH-672018152-Tugas6\GrafkomH-672018152-Tugas6.cpp(125,28): warning C4305: 'argument': truncation from 'double' to 'GLfloat'
C:\Users\Alfriyanis\source\repos\GrafkomH-672018152-Tugas6\GrafkomH-672018152-Tugas6\GrafkomH-672018152-Tugas6.cpp(138,28): warning C4305: 'argument': truncation from 'double' to 'GLfloat'
C:\Users\Alfriyanis\source\repos\GrafkomH-672018152-Tugas6\GrafkomH-672018152-Tugas6\GrafkomH-672018152-Tugas6.cpp(140,33): warning C4305: 'argument': truncation from 'double' to 'GLfloat'
C:\Users\Alfriyanis\source\repos\GrafkomH-672018152-Tugas6\GrafkomH-672018152-Tugas6\GrafkomH-672018152-Tugas6.cpp(140,66): warning C4305: 'argument': truncation from 'double' to 'GLfloat'
C:\Users\Alfriyanis\source\repos\GrafkomH-672018152-Tugas6\GrafkomH-672018152-Tugas6\GrafkomH-672018152-Tugas6.cpp(141,33): warning C4305: 'argument': truncation from 'double' to 'GLfloat'
C:\Users\Alfriyanis\source\repos\GrafkomH-672018152-Tugas6\GrafkomH-672018152-Tugas6\GrafkomH-672018152-Tugas6.cpp(141,66): warning C4305: 'argument': truncation from 'double' to 'GLfloat'
C:\Users\Alfriyanis\source\repos\GrafkomH-672018152-Tugas6\GrafkomH-672018152-Tugas6\GrafkomH-672018152-Tugas6.cpp(160,32): warning C4305: 'argument': truncation from 'double' to 'GLfloat'
C:\Users\Alfriyanis\source\repos\GrafkomH-672018152-Tugas6\GrafkomH-672018152-Tugas6\GrafkomH-672018152-Tugas6.cpp(162,34): warning C4305: 'argument': truncation from 'double' to 'GLfloat'
C:\Users\Alfriyanis\source\repos\GrafkomH-672018152-Tugas6\GrafkomH-672018152-Tugas6\GrafkomH-672018152-Tugas6.cpp(163,33): warning C4305: 'argument': truncation from 'double' to 'GLfloat'
C:\Users\Alfriyanis\source\repos\GrafkomH-672018152-Tugas6\GrafkomH-672018152-Tugas6\GrafkomH-672018152-Tugas6.cpp(164,32): warning C4305: 'argument': truncation from 'double' to 'GLfloat'
C:\Users\Alfriyanis\source\repos\GrafkomH-672018152-Tugas6\GrafkomH-672018152-Tugas6\GrafkomH-672018152-Tugas6.cpp(165,33): warning C4305: 'argument': truncation from 'double' to 'GLfloat'
C:\Users\Alfriyanis\source\repos\GrafkomH-672018152-Tugas6\GrafkomH-672018152-Tugas6\GrafkomH-672018152-Tugas6.cpp(168,30): warning C4305: 'argument': truncation from 'double' to 'GLfloat'
C:\Users\Alfriyanis\source\repos\GrafkomH-672018152-Tugas6\GrafkomH-672018152-Tugas6\GrafkomH-672018152-Tugas6.cpp(170,34): warning C4305: 'argument': truncation from 'double' to 'GLfloat'
C:\Users\Alfriyanis\source\repos\GrafkomH-672018152-Tugas6\GrafkomH-672018152-Tugas6\GrafkomH-672018152-Tugas6.cpp(171,33): warning C4305: 'argument': truncation from 'double' to 'GLfloat'
C:\Users\Alfriyanis\source\repos\GrafkomH-672018152-Tugas6\GrafkomH-672018152-Tugas6\GrafkomH-672018152-Tugas6.cpp(172,32): warning C4305: 'argument': truncation from 'double' to 'GLfloat'
C:\Users\Alfriyanis\source\repos\GrafkomH-672018152-Tugas6\GrafkomH-672018152-Tugas6\GrafkomH-672018152-Tugas6.cpp(173,33): warning C4305: 'argument': truncation from 'double' to 'GLfloat'
C:\Users\Alfriyanis\source\repos\GrafkomH-672018152-Tugas6\GrafkomH-672018152-Tugas6\GrafkomH-672018152-Tugas6.cpp(195,28): warning C4305: 'argument': truncation from 'double' to 'GLfloat'
C:\Users\Alfriyanis\source\repos\GrafkomH-672018152-Tugas6\GrafkomH-672018152-Tugas6\GrafkomH-672018152-Tugas6.cpp(202,30): warning C4305: 'argument': truncation from 'double' to 'GLfloat'
C:\Users\Alfriyanis\source\repos\GrafkomH-672018152-Tugas6\GrafkomH-672018152-Tugas6\GrafkomH-672018152-Tugas6.cpp(218,30): warning C4305: 'argument': truncation from 'double' to 'GLfloat'
C:\Users\Alfriyanis\source\repos\GrafkomH-672018152-Tugas6\GrafkomH-672018152-Tugas6\GrafkomH-672018152-Tugas6.cpp(226,30): warning C4305: 'argument': truncation from 'double' to 'GLfloat'
C:\Users\Alfriyanis\source\repos\GrafkomH-672018152-Tugas6\GrafkomH-672018152-Tugas6\GrafkomH-672018152-Tugas6.cpp(236,30): warning C4305: 'argument': truncation from 'double' to 'GLfloat'
C:\Users\Alfriyanis\source\repos\GrafkomH-672018152-Tugas6\GrafkomH-672018152-Tugas6\GrafkomH-672018152-Tugas6.cpp(244,30): warning C4305: 'argument': truncation from 'double' to 'GLfloat'
C:\Users\Alfriyanis\source\repos\GrafkomH-672018152-Tugas6\GrafkomH-672018152-Tugas6\GrafkomH-672018152-Tugas6.cpp(253,30): warning C4305: 'argument': truncation from 'double' to 'GLfloat'
C:\Users\Alfriyanis\source\repos\GrafkomH-672018152-Tugas6\GrafkomH-672018152-Tugas6\GrafkomH-672018152-Tugas6.cpp(261,30): warning C4305: 'argument': truncation from 'double' to 'GLfloat'
C:\Users\Alfriyanis\source\repos\GrafkomH-672018152-Tugas6\GrafkomH-672018152-Tugas6\GrafkomH-672018152-Tugas6.cpp(269,30): warning C4305: 'argument': truncation from 'double' to 'GLfloat'
C:\Users\Alfriyanis\source\repos\GrafkomH-672018152-Tugas6\GrafkomH-672018152-Tugas6\GrafkomH-672018152-Tugas6.cpp(271,31): warning C4305: 'argument': truncation from 'double' to 'GLfloat'
C:\Users\Alfriyanis\source\repos\GrafkomH-672018152-Tugas6\GrafkomH-672018152-Tugas6\GrafkomH-672018152-Tugas6.cpp(271,65): warning C4305: 'argument': truncation from 'double' to 'GLfloat'
C:\Users\Alfriyanis\source\repos\GrafkomH-672018152-Tugas6\GrafkomH-672018152-Tugas6\GrafkomH-672018152-Tugas6.cpp(272,33): warning C4305: 'argument': truncation from 'double' to 'GLfloat'
C:\Users\Alfriyanis\source\repos\GrafkomH-672018152-Tugas6\GrafkomH-672018152-Tugas6\GrafkomH-672018152-Tugas6.cpp(272,67): warning C4305: 'argument': truncation from 'double' to 'GLfloat'
C:\Users\Alfriyanis\source\repos\GrafkomH-672018152-Tugas6\GrafkomH-672018152-Tugas6\GrafkomH-672018152-Tugas6.cpp(275,30): warning C4305: 'argument': truncation from 'double' to 'GLfloat'
C:\Users\Alfriyanis\source\repos\GrafkomH-672018152-Tugas6\GrafkomH-672018152-Tugas6\GrafkomH-672018152-Tugas6.cpp(277,33): warning C4305: 'argument': truncation from 'double' to 'GLfloat'
C:\Users\Alfriyanis\source\repos\GrafkomH-672018152-Tugas6\GrafkomH-672018152-Tugas6\GrafkomH-672018152-Tugas6.cpp(277,67): warning C4305: 'argument': truncation from 'double' to 'GLfloat'
C:\Users\Alfriyanis\source\repos\GrafkomH-672018152-Tugas6\GrafkomH-672018152-Tugas6\GrafkomH-672018152-Tugas6.cpp(278,33): warning C4305: 'argument': truncation from 'double' to 'GLfloat'
C:\Users\Alfriyanis\source\repos\GrafkomH-672018152-Tugas6\GrafkomH-672018152-Tugas6\GrafkomH-672018152-Tugas6.cpp(278,67): warning C4305: 'argument': truncation from 'double' to 'GLfloat'
C:\Users\Alfriyanis\source\repos\GrafkomH-672018152-Tugas6\GrafkomH-672018152-Tugas6\GrafkomH-672018152-Tugas6.cpp(281,30): warning C4305: 'argument': truncation from 'double' to 'GLfloat'
C:\Users\Alfriyanis\source\repos\GrafkomH-672018152-Tugas6\GrafkomH-672018152-Tugas6\GrafkomH-672018152-Tugas6.cpp(283,33): warning C4305: 'argument': truncation from 'double' to 'GLfloat'
C:\Users\Alfriyanis\source\repos\GrafkomH-672018152-Tugas6\GrafkomH-672018152-Tugas6\GrafkomH-672018152-Tugas6.cpp(283,67): warning C4305: 'argument': truncation from 'double' to 'GLfloat'
C:\Users\Alfriyanis\source\repos\GrafkomH-672018152-Tugas6\GrafkomH-672018152-Tugas6\GrafkomH-672018152-Tugas6.cpp(284,33): warning C4305: 'argument': truncation from 'double' to 'GLfloat'
C:\Users\Alfriyanis\source\repos\GrafkomH-672018152-Tugas6\GrafkomH-672018152-Tugas6\GrafkomH-672018152-Tugas6.cpp(284,67): warning C4305: 'argument': truncation from 'double' to 'GLfloat'
C:\Users\Alfriyanis\source\repos\GrafkomH-672018152-Tugas6\GrafkomH-672018152-Tugas6\GrafkomH-672018152-Tugas6.cpp(287,28): warning C4305: 'argument': truncation from 'double' to 'GLfloat'
C:\Users\Alfriyanis\source\repos\GrafkomH-672018152-Tugas6\GrafkomH-672018152-Tugas6\GrafkomH-672018152-Tugas6.cpp(289,33): warning C4305: 'argument': truncation from 'double' to 'GLfloat'
C:\Users\Alfriyanis\source\repos\GrafkomH-672018152-Tugas6\GrafkomH-672018152-Tugas6\GrafkomH-672018152-Tugas6.cpp(289,67): warning C4305: 'argument': truncation from 'double' to 'GLfloat'
C:\Users\Alfriyanis\source\repos\GrafkomH-672018152-Tugas6\GrafkomH-672018152-Tugas6\GrafkomH-672018152-Tugas6.cpp(290,33): warning C4305: 'argument': truncation from 'double' to 'GLfloat'
C:\Users\Alfriyanis\source\repos\GrafkomH-672018152-Tugas6\GrafkomH-672018152-Tugas6\GrafkomH-672018152-Tugas6.cpp(290,67): warning C4305: 'argument': truncation from 'double' to 'GLfloat'
C:\Users\Alfriyanis\source\repos\GrafkomH-672018152-Tugas6\GrafkomH-672018152-Tugas6\GrafkomH-672018152-Tugas6.cpp(293,30): warning C4305: 'argument': truncation from 'double' to 'GLfloat'
C:\Users\Alfriyanis\source\repos\GrafkomH-672018152-Tugas6\GrafkomH-672018152-Tugas6\GrafkomH-672018152-Tugas6.cpp(295,31): warning C4305: 'argument': truncation from 'double' to 'GLfloat'
C:\Users\Alfriyanis\source\repos\GrafkomH-672018152-Tugas6\GrafkomH-672018152-Tugas6\GrafkomH-672018152-Tugas6.cpp(295,65): warning C4305: 'argument': truncation from 'double' to 'GLfloat'
C:\Users\Alfriyanis\source\repos\GrafkomH-672018152-Tugas6\GrafkomH-672018152-Tugas6\GrafkomH-672018152-Tugas6.cpp(296,33): warning C4305: 'argument': truncation from 'double' to 'GLfloat'
C:\Users\Alfriyanis\source\repos\GrafkomH-672018152-Tugas6\GrafkomH-672018152-Tugas6\GrafkomH-672018152-Tugas6.cpp(296,65): warning C4305: 'argument': truncation from 'double' to 'GLfloat'
C:\Users\Alfriyanis\source\repos\GrafkomH-672018152-Tugas6\GrafkomH-672018152-Tugas6\GrafkomH-672018152-Tugas6.cpp(300,28): warning C4305: 'argument': truncation from 'double' to 'GLfloat'
C:\Users\Alfriyanis\source\repos\GrafkomH-672018152-Tugas6\GrafkomH-672018152-Tugas6\GrafkomH-672018152-Tugas6.cpp(306,28): warning C4305: 'argument': truncation from 'double' to 'GLfloat'
C:\Users\Alfriyanis\source\repos\GrafkomH-672018152-Tugas6\GrafkomH-672018152-Tugas6\GrafkomH-672018152-Tugas6.cpp(312,28): warning C4305: 'argument': truncation from 'double' to 'GLfloat'
C:\Users\Alfriyanis\source\repos\GrafkomH-672018152-Tugas6\GrafkomH-672018152-Tugas6\GrafkomH-672018152-Tugas6.cpp(318,30): warning C4305: 'argument': truncation from 'double' to 'GLfloat'
C:\Users\Alfriyanis\source\repos\GrafkomH-672018152-Tugas6\GrafkomH-672018152-Tugas6\GrafkomH-672018152-Tugas6.cpp(323,30): warning C4305: 'argument': truncation from 'double' to 'GLfloat'
C:\Users\Alfriyanis\source\repos\GrafkomH-672018152-Tugas6\GrafkomH-672018152-Tugas6\GrafkomH-672018152-Tugas6.cpp(349,30): warning C4305: 'argument': truncation from 'double' to 'GLfloat'
C:\Users\Alfriyanis\source\repos\GrafkomH-672018152-Tugas6\GrafkomH-672018152-Tugas6\GrafkomH-672018152-Tugas6.cpp(357,30): warning C4305: 'argument': truncation from 'double' to 'GLfloat'
C:\Users\Alfriyanis\source\repos\GrafkomH-672018152-Tugas6\GrafkomH-672018152-Tugas6\GrafkomH-672018152-Tugas6.cpp(359,30): warning C4305: 'argument': truncation from 'double' to 'GLfloat'
C:\Users\Alfriyanis\source\repos\GrafkomH-672018152-Tugas6\GrafkomH-672018152-Tugas6\GrafkomH-672018152-Tugas6.cpp(359,63): warning C4305: 'argument': truncation from 'double' to 'GLfloat'
C:\Users\Alfriyanis\source\repos\GrafkomH-672018152-Tugas6\GrafkomH-672018152-Tugas6\GrafkomH-672018152-Tugas6.cpp(360,32): warning C4305: 'argument': truncation from 'double' to 'GLfloat'
C:\Users\Alfriyanis\source\repos\GrafkomH-672018152-Tugas6\GrafkomH-672018152-Tugas6\GrafkomH-672018152-Tugas6.cpp(360,65): warning C4305: 'argument': truncation from 'double' to 'GLfloat'
C:\Users\Alfriyanis\source\repos\GrafkomH-672018152-Tugas6\GrafkomH-672018152-Tugas6\GrafkomH-672018152-Tugas6.cpp(363,30): warning C4305: 'argument': truncation from 'double' to 'GLfloat'
C:\Users\Alfriyanis\source\repos\GrafkomH-672018152-Tugas6\GrafkomH-672018152-Tugas6\GrafkomH-672018152-Tugas6.cpp(365,32): warning C4305: 'argument': truncation from 'double' to 'GLfloat'
C:\Users\Alfriyanis\source\repos\GrafkomH-672018152-Tugas6\GrafkomH-672018152-Tugas6\GrafkomH-672018152-Tugas6.cpp(365,65): warning C4305: 'argument': truncation from 'double' to 'GLfloat'
C:\Users\Alfriyanis\source\repos\GrafkomH-672018152-Tugas6\GrafkomH-672018152-Tugas6\GrafkomH-672018152-Tugas6.cpp(366,32): warning C4305: 'argument': truncation from 'double' to 'GLfloat'
C:\Users\Alfriyanis\source\repos\GrafkomH-672018152-Tugas6\GrafkomH-672018152-Tugas6\GrafkomH-672018152-Tugas6.cpp(366,65): warning C4305: 'argument': truncation from 'double' to 'GLfloat'
C:\Users\Alfriyanis\source\repos\GrafkomH-672018152-Tugas6\GrafkomH-672018152-Tugas6\GrafkomH-672018152-Tugas6.cpp(369,30): warning C4305: 'argument': truncation from 'double' to 'GLfloat'
C:\Users\Alfriyanis\source\repos\GrafkomH-672018152-Tugas6\GrafkomH-672018152-Tugas6\GrafkomH-672018152-Tugas6.cpp(371,32): warning C4305: 'argument': truncation from 'double' to 'GLfloat'
C:\Users\Alfriyanis\source\repos\GrafkomH-672018152-Tugas6\GrafkomH-672018152-Tugas6\GrafkomH-672018152-Tugas6.cpp(371,65): warning C4305: 'argument': truncation from 'double' to 'GLfloat'
C:\Users\Alfriyanis\source\repos\GrafkomH-672018152-Tugas6\GrafkomH-672018152-Tugas6\GrafkomH-672018152-Tugas6.cpp(372,32): warning C4305: 'argument': truncation from 'double' to 'GLfloat'
C:\Users\Alfriyanis\source\repos\GrafkomH-672018152-Tugas6\GrafkomH-672018152-Tugas6\GrafkomH-672018152-Tugas6.cpp(372,65): warning C4305: 'argument': truncation from 'double' to 'GLfloat'
C:\Users\Alfriyanis\source\repos\GrafkomH-672018152-Tugas6\GrafkomH-672018152-Tugas6\GrafkomH-672018152-Tugas6.cpp(375,28): warning C4305: 'argument': truncation from 'double' to 'GLfloat'
C:\Users\Alfriyanis\source\repos\GrafkomH-672018152-Tugas6\GrafkomH-672018152-Tugas6\GrafkomH-672018152-Tugas6.cpp(377,32): warning C4305: 'argument': truncation from 'double' to 'GLfloat'
C:\Users\Alfriyanis\source\repos\GrafkomH-672018152-Tugas6\GrafkomH-672018152-Tugas6\GrafkomH-672018152-Tugas6.cpp(377,65): warning C4305: 'argument': truncation from 'double' to 'GLfloat'
C:\Users\Alfriyanis\source\repos\GrafkomH-672018152-Tugas6\GrafkomH-672018152-Tugas6\GrafkomH-672018152-Tugas6.cpp(378,32): warning C4305: 'argument': truncation from 'double' to 'GLfloat'
C:\Users\Alfriyanis\source\repos\GrafkomH-672018152-Tugas6\GrafkomH-672018152-Tugas6\GrafkomH-672018152-Tugas6.cpp(378,65): warning C4305: 'argument': truncation from 'double' to 'GLfloat'
C:\Users\Alfriyanis\source\repos\GrafkomH-672018152-Tugas6\GrafkomH-672018152-Tugas6\GrafkomH-672018152-Tugas6.cpp(381,30): warning C4305: 'argument': truncation from 'double' to 'GLfloat'
C:\Users\Alfriyanis\source\repos\GrafkomH-672018152-Tugas6\GrafkomH-672018152-Tugas6\GrafkomH-672018152-Tugas6.cpp(383,30): warning C4305: 'argument': truncation from 'double' to 'GLfloat'
C:\Users\Alfriyanis\source\repos\GrafkomH-672018152-Tugas6\GrafkomH-672018152-Tugas6\GrafkomH-672018152-Tugas6.cpp(383,63): warning C4305: 'argument': truncation from 'double' to 'GLfloat'
C:\Users\Alfriyanis\source\repos\GrafkomH-672018152-Tugas6\GrafkomH-672018152-Tugas6\GrafkomH-672018152-Tugas6.cpp(384,32): warning C4305: 'argument': truncation from 'double' to 'GLfloat'
C:\Users\Alfriyanis\source\repos\GrafkomH-672018152-Tugas6\GrafkomH-672018152-Tugas6\GrafkomH-672018152-Tugas6.cpp(384,63): warning C4305: 'argument': truncation from 'double' to 'GLfloat'
C:\Users\Alfriyanis\source\repos\GrafkomH-672018152-Tugas6\GrafkomH-672018152-Tugas6\GrafkomH-672018152-Tugas6.cpp(388,30): warning C4305: 'argument': truncation from 'double' to 'GLfloat'
C:\Users\Alfriyanis\source\repos\GrafkomH-672018152-Tugas6\GrafkomH-672018152-Tugas6\GrafkomH-672018152-Tugas6.cpp(398,30): warning C4305: 'argument': truncation from 'double' to 'GLfloat'
C:\Users\Alfriyanis\source\repos\GrafkomH-672018152-Tugas6\GrafkomH-672018152-Tugas6\GrafkomH-672018152-Tugas6.cpp(404,28): warning C4305: 'argument': truncation from 'double' to 'GLfloat'
C:\Users\Alfriyanis\source\repos\GrafkomH-672018152-Tugas6\GrafkomH-672018152-Tugas6\GrafkomH-672018152-Tugas6.cpp(411,30): warning C4305: 'argument': truncation from 'double' to 'GLfloat'
C:\Users\Alfriyanis\source\repos\GrafkomH-672018152-Tugas6\GrafkomH-672018152-Tugas6\GrafkomH-672018152-Tugas6.cpp(421,28): warning C4305: 'argument': truncation from 'double' to 'GLfloat'
C:\Users\Alfriyanis\source\repos\GrafkomH-672018152-Tugas6\GrafkomH-672018152-Tugas6\GrafkomH-672018152-Tugas6.cpp(423,35): warning C4305: 'argument': truncation from 'double' to 'GLfloat'
C:\Users\Alfriyanis\source\repos\GrafkomH-672018152-Tugas6\GrafkomH-672018152-Tugas6\GrafkomH-672018152-Tugas6.cpp(423,66): warning C4305: 'argument': truncation from 'double' to 'GLfloat'
C:\Users\Alfriyanis\source\repos\GrafkomH-672018152-Tugas6\GrafkomH-672018152-Tugas6\GrafkomH-672018152-Tugas6.cpp(424,32): warning C4305: 'argument': truncation from 'double' to 'GLfloat'
C:\Users\Alfriyanis\source\repos\GrafkomH-672018152-Tugas6\GrafkomH-672018152-Tugas6\GrafkomH-672018152-Tugas6.cpp(424,67): warning C4305: 'argument': truncation from 'double' to 'GLfloat'
C:\Users\Alfriyanis\source\repos\GrafkomH-672018152-Tugas6\GrafkomH-672018152-Tugas6\GrafkomH-672018152-Tugas6.cpp(428,28): warning C4305: 'argument': truncation from 'double' to 'GLfloat'
C:\Users\Alfriyanis\source\repos\GrafkomH-672018152-Tugas6\GrafkomH-672018152-Tugas6\GrafkomH-672018152-Tugas6.cpp(446,30): warning C4305: 'argument': truncation from 'double' to 'GLfloat'
C:\Users\Alfriyanis\source\repos\GrafkomH-672018152-Tugas6\GrafkomH-672018152-Tugas6\GrafkomH-672018152-Tugas6.cpp(454,30): warning C4305: 'argument': truncation from 'double' to 'GLfloat'
C:\Users\Alfriyanis\source\repos\GrafkomH-672018152-Tugas6\GrafkomH-672018152-Tugas6\GrafkomH-672018152-Tugas6.cpp(466,28): warning C4305: 'argument': truncation from 'double' to 'GLfloat'
C:\Users\Alfriyanis\source\repos\GrafkomH-672018152-Tugas6\GrafkomH-672018152-Tugas6\GrafkomH-672018152-Tugas6.cpp(473,28): warning C4305: 'argument': truncation from 'double' to 'GLfloat'
C:\Users\Alfriyanis\source\repos\GrafkomH-672018152-Tugas6\GrafkomH-672018152-Tugas6\GrafkomH-672018152-Tugas6.cpp(475,34): warning C4305: 'argument': truncation from 'double' to 'GLfloat'
C:\Users\Alfriyanis\source\repos\GrafkomH-672018152-Tugas6\GrafkomH-672018152-Tugas6\GrafkomH-672018152-Tugas6.cpp(475,66): warning C4305: 'argument': truncation from 'double' to 'GLfloat'
C:\Users\Alfriyanis\source\repos\GrafkomH-672018152-Tugas6\GrafkomH-672018152-Tugas6\GrafkomH-672018152-Tugas6.cpp(476,33): warning C4305: 'argument': truncation from 'double' to 'GLfloat'
C:\Users\Alfriyanis\source\repos\GrafkomH-672018152-Tugas6\GrafkomH-672018152-Tugas6\GrafkomH-672018152-Tugas6.cpp(476,65): warning C4305: 'argument': truncation from 'double' to 'GLfloat'
C:\Users\Alfriyanis\source\repos\GrafkomH-672018152-Tugas6\GrafkomH-672018152-Tugas6\GrafkomH-672018152-Tugas6.cpp(491,28): warning C4305: 'argument': truncation from 'double' to 'GLfloat'
C:\Users\Alfriyanis\source\repos\GrafkomH-672018152-Tugas6\GrafkomH-672018152-Tugas6\GrafkomH-672018152-Tugas6.cpp(493,34): warning C4305: 'argument': truncation from 'double' to 'GLfloat'
C:\Users\Alfriyanis\source\repos\GrafkomH-672018152-Tugas6\GrafkomH-672018152-Tugas6\GrafkomH-672018152-Tugas6.cpp(493,64): warning C4305: 'argument': truncation from 'double' to 'GLfloat'
C:\Users\Alfriyanis\source\repos\GrafkomH-672018152-Tugas6\GrafkomH-672018152-Tugas6\GrafkomH-672018152-Tugas6.cpp(494,31): warning C4305: 'argument': truncation from 'double' to 'GLfloat'
C:\Users\Alfriyanis\source\repos\GrafkomH-672018152-Tugas6\GrafkomH-672018152-Tugas6\GrafkomH-672018152-Tugas6.cpp(494,65): warning C4305: 'argument': truncation from 'double' to 'GLfloat'
C:\Users\Alfriyanis\source\repos\GrafkomH-672018152-Tugas6\GrafkomH-672018152-Tugas6\GrafkomH-672018152-Tugas6.cpp(498,28): warning C4305: 'argument': truncation from 'double' to 'GLfloat'
C:\Users\Alfriyanis\source\repos\GrafkomH-672018152-Tugas6\GrafkomH-672018152-Tugas6\GrafkomH-672018152-Tugas6.cpp(518,28): warning C4305: 'argument': truncation from 'double' to 'GLfloat'
C:\Users\Alfriyanis\source\repos\GrafkomH-672018152-Tugas6\GrafkomH-672018152-Tugas6\GrafkomH-672018152-Tugas6.cpp(524,28): warning C4305: 'argument': truncation from 'double' to 'GLfloat'
C:\Users\Alfriyanis\source\repos\GrafkomH-672018152-Tugas6\GrafkomH-672018152-Tugas6\GrafkomH-672018152-Tugas6.cpp(540,28): warning C4305: 'argument': truncation from 'double' to 'GLfloat'
C:\Users\Alfriyanis\source\repos\GrafkomH-672018152-Tugas6\GrafkomH-672018152-Tugas6\GrafkomH-672018152-Tugas6.cpp(547,28): warning C4305: 'argument': truncation from 'double' to 'GLfloat'
C:\Users\Alfriyanis\source\repos\GrafkomH-672018152-Tugas6\GrafkomH-672018152-Tugas6\GrafkomH-672018152-Tugas6.cpp(583,28): warning C4305: 'argument': truncation from 'double' to 'GLfloat'
C:\Users\Alfriyanis\source\repos\GrafkomH-672018152-Tugas6\GrafkomH-672018152-Tugas6\GrafkomH-672018152-Tugas6.cpp(602,28): warning C4305: 'argument': truncation from 'double' to 'GLfloat'
C:\Users\Alfriyanis\source\repos\GrafkomH-672018152-Tugas6\GrafkomH-672018152-Tugas6\GrafkomH-672018152-Tugas6.cpp(604,34): warning C4305: 'argument': truncation from 'double' to 'GLfloat'
C:\Users\Alfriyanis\source\repos\GrafkomH-672018152-Tugas6\GrafkomH-672018152-Tugas6\GrafkomH-672018152-Tugas6.cpp(605,34): warning C4305: 'argument': truncation from 'double' to 'GLfloat'
C:\Users\Alfriyanis\source\repos\GrafkomH-672018152-Tugas6\GrafkomH-672018152-Tugas6\GrafkomH-672018152-Tugas6.cpp(606,34): warning C4305: 'argument': truncation from 'double' to 'GLfloat'
C:\Users\Alfriyanis\source\repos\GrafkomH-672018152-Tugas6\GrafkomH-672018152-Tugas6\GrafkomH-672018152-Tugas6.cpp(607,34): warning C4305: 'argument': truncation from 'double' to 'GLfloat'
C:\Users\Alfriyanis\source\repos\GrafkomH-672018152-Tugas6\GrafkomH-672018152-Tugas6\GrafkomH-672018152-Tugas6.cpp(611,33): warning C4305: 'argument': truncation from 'double' to 'GLfloat'
C:\Users\Alfriyanis\source\repos\GrafkomH-672018152-Tugas6\GrafkomH-672018152-Tugas6\GrafkomH-672018152-Tugas6.cpp(612,33): warning C4305: 'argument': truncation from 'double' to 'GLfloat'
C:\Users\Alfriyanis\source\repos\GrafkomH-672018152-Tugas6\GrafkomH-672018152-Tugas6\GrafkomH-672018152-Tugas6.cpp(613,34): warning C4305: 'argument': truncation from 'double' to 'GLfloat'
C:\Users\Alfriyanis\source\repos\GrafkomH-672018152-Tugas6\GrafkomH-672018152-Tugas6\GrafkomH-672018152-Tugas6.cpp(614,34): warning C4305: 'argument': truncation from 'double' to 'GLfloat'
C:\Users\Alfriyanis\source\repos\GrafkomH-672018152-Tugas6\GrafkomH-672018152-Tugas6\GrafkomH-672018152-Tugas6.cpp(617,33): warning C4305: 'argument': truncation from 'double' to 'GLfloat'
C:\Users\Alfriyanis\source\repos\GrafkomH-672018152-Tugas6\GrafkomH-672018152-Tugas6\GrafkomH-672018152-Tugas6.cpp(618,33): warning C4305: 'argument': truncation from 'double' to 'GLfloat'
C:\Users\Alfriyanis\source\repos\GrafkomH-672018152-Tugas6\GrafkomH-672018152-Tugas6\GrafkomH-672018152-Tugas6.cpp(619,34): warning C4305: 'argument': truncation from 'double' to 'GLfloat'
C:\Users\Alfriyanis\source\repos\GrafkomH-672018152-Tugas6\GrafkomH-672018152-Tugas6\GrafkomH-672018152-Tugas6.cpp(620,34): warning C4305: 'argument': truncation from 'double' to 'GLfloat'
C:\Users\Alfriyanis\source\repos\GrafkomH-672018152-Tugas6\GrafkomH-672018152-Tugas6\GrafkomH-672018152-Tugas6.cpp(624,33): warning C4305: 'argument': truncation from 'double' to 'GLfloat'
C:\Users\Alfriyanis\source\repos\GrafkomH-672018152-Tugas6\GrafkomH-672018152-Tugas6\GrafkomH-672018152-Tugas6.cpp(625,33): warning C4305: 'argument': truncation from 'double' to 'GLfloat'
C:\Users\Alfriyanis\source\repos\GrafkomH-672018152-Tugas6\GrafkomH-672018152-Tugas6\GrafkomH-672018152-Tugas6.cpp(626,34): warning C4305: 'argument': truncation from 'double' to 'GLfloat'
C:\Users\Alfriyanis\source\repos\GrafkomH-672018152-Tugas6\GrafkomH-672018152-Tugas6\GrafkomH-672018152-Tugas6.cpp(627,34): warning C4305: 'argument': truncation from 'double' to 'GLfloat'
C:\Users\Alfriyanis\source\repos\GrafkomH-672018152-Tugas6\GrafkomH-672018152-Tugas6\GrafkomH-672018152-Tugas6.cpp(630,33): warning C4305: 'argument': truncation from 'double' to 'GLfloat'
C:\Users\Alfriyanis\source\repos\GrafkomH-672018152-Tugas6\GrafkomH-672018152-Tugas6\GrafkomH-672018152-Tugas6.cpp(631,33): warning C4305: 'argument': truncation from 'double' to 'GLfloat'
C:\Users\Alfriyanis\source\repos\GrafkomH-672018152-Tugas6\GrafkomH-672018152-Tugas6\GrafkomH-672018152-Tugas6.cpp(632,34): warning C4305: 'argument': truncation from 'double' to 'GLfloat'
C:\Users\Alfriyanis\source\repos\GrafkomH-672018152-Tugas6\GrafkomH-672018152-Tugas6\GrafkomH-672018152-Tugas6.cpp(633,34): warning C4305: 'argument': truncation from 'double' to 'GLfloat'
C:\Users\Alfriyanis\source\repos\GrafkomH-672018152-Tugas6\GrafkomH-672018152-Tugas6\GrafkomH-672018152-Tugas6.cpp(637,28): warning C4305: 'argument': truncation from 'double' to 'GLfloat'
C:\Users\Alfriyanis\source\repos\GrafkomH-672018152-Tugas6\GrafkomH-672018152-Tugas6\GrafkomH-672018152-Tugas6.cpp(672,35): warning C4305: 'argument': truncation from 'double' to 'GLfloat'
C:\Users\Alfriyanis\source\repos\GrafkomH-672018152-Tugas6\GrafkomH-672018152-Tugas6\GrafkomH-672018152-Tugas6.cpp(673,33): warning C4305: 'argument': truncation from 'double' to 'GLfloat'
C:\Users\Alfriyanis\source\repos\GrafkomH-672018152-Tugas6\GrafkomH-672018152-Tugas6\GrafkomH-672018152-Tugas6.cpp(674,33): warning C4305: 'argument': truncation from 'double' to 'GLfloat'
C:\Users\Alfriyanis\source\repos\GrafkomH-672018152-Tugas6\GrafkomH-672018152-Tugas6\GrafkomH-672018152-Tugas6.cpp(675,35): warning C4305: 'argument': truncation from 'double' to 'GLfloat'
C:\Users\Alfriyanis\source\repos\GrafkomH-672018152-Tugas6\GrafkomH-672018152-Tugas6\GrafkomH-672018152-Tugas6.cpp(678,35): warning C4305: 'argument': truncation from 'double' to 'GLfloat'
C:\Users\Alfriyanis\source\repos\GrafkomH-672018152-Tugas6\GrafkomH-672018152-Tugas6\GrafkomH-672018152-Tugas6.cpp(679,33): warning C4305: 'argument': truncation from 'double' to 'GLfloat'
C:\Users\Alfriyanis\source\repos\GrafkomH-672018152-Tugas6\GrafkomH-672018152-Tugas6\GrafkomH-672018152-Tugas6.cpp(680,33): warning C4305: 'argument': truncation from 'double' to 'GLfloat'
C:\Users\Alfriyanis\source\repos\GrafkomH-672018152-Tugas6\GrafkomH-672018152-Tugas6\GrafkomH-672018152-Tugas6.cpp(681,35): warning C4305: 'argument': truncation from 'double' to 'GLfloat'
C:\Users\Alfriyanis\source\repos\GrafkomH-672018152-Tugas6\GrafkomH-672018152-Tugas6\GrafkomH-672018152-Tugas6.cpp(704,30): warning C4305: 'argument': truncation from 'double' to 'GLfloat'
C:\Users\Alfriyanis\source\repos\GrafkomH-672018152-Tugas6\GrafkomH-672018152-Tugas6\GrafkomH-672018152-Tugas6.cpp(711,28): warning C4305: 'argument': truncation from 'double' to 'GLfloat'
C:\Users\Alfriyanis\source\repos\GrafkomH-672018152-Tugas6\GrafkomH-672018152-Tugas6\GrafkomH-672018152-Tugas6.cpp(726,28): warning C4305: 'argument': truncation from 'double' to 'GLfloat'
C:\Users\Alfriyanis\source\repos\GrafkomH-672018152-Tugas6\GrafkomH-672018152-Tugas6\GrafkomH-672018152-Tugas6.cpp(741,28): warning C4305: 'argument': truncation from 'double' to 'GLfloat'
C:\Users\Alfriyanis\source\repos\GrafkomH-672018152-Tugas6\GrafkomH-672018152-Tugas6\GrafkomH-672018152-Tugas6.cpp(756,28): warning C4305: 'argument': truncation from 'double' to 'GLfloat'
C:\Users\Alfriyanis\source\repos\GrafkomH-672018152-Tugas6\GrafkomH-672018152-Tugas6\GrafkomH-672018152-Tugas6.cpp(773,28): warning C4305: 'argument': truncation from 'double' to 'GLfloat'
C:\Users\Alfriyanis\source\repos\GrafkomH-672018152-Tugas6\GrafkomH-672018152-Tugas6\GrafkomH-672018152-Tugas6.cpp(788,28): warning C4305: 'argument': truncation from 'double' to 'GLfloat'
C:\Users\Alfriyanis\source\repos\GrafkomH-672018152-Tugas6\GrafkomH-672018152-Tugas6\GrafkomH-672018152-Tugas6.cpp(803,28): warning C4305: 'argument': truncation from 'double' to 'GLfloat'
C:\Users\Alfriyanis\source\repos\GrafkomH-672018152-Tugas6\GrafkomH-672018152-Tugas6\GrafkomH-672018152-Tugas6.cpp(818,28): warning C4305: 'argument': truncation from 'double' to 'GLfloat'
C:\Users\Alfriyanis\source\repos\GrafkomH-672018152-Tugas6\GrafkomH-672018152-Tugas6\GrafkomH-672018152-Tugas6.cpp(833,28): warning C4305: 'argument': truncation from 'double' to 'GLfloat'
C:\Users\Alfriyanis\source\repos\GrafkomH-672018152-Tugas6\GrafkomH-672018152-Tugas6\GrafkomH-672018152-Tugas6.cpp(848,28): warning C4305: 'argument': truncation from 'double' to 'GLfloat'
C:\Users\Alfriyanis\source\repos\GrafkomH-672018152-Tugas6\GrafkomH-672018152-Tugas6\GrafkomH-672018152-Tugas6.cpp(863,30): warning C4305: 'argument': truncation from 'double' to 'GLfloat'
C:\Users\Alfriyanis\source\repos\GrafkomH-672018152-Tugas6\GrafkomH-672018152-Tugas6\GrafkomH-672018152-Tugas6.cpp(871,30): warning C4305: 'argument': truncation from 'double' to 'GLfloat'
  Generating code
  4 of 9 functions (44.4%) were compiled, the rest were copied from previous compilation.
    2 functions were new in current compilation
    1 functions had inline decision re-evaluated but remain unchanged
  Finished generating code
  GrafkomH-672018152-Tugas6.vcxproj -> C:\Users\Alfriyanis\source\repos\GrafkomH-672018152-Tugas6\x64\Release\GrafkomH-672018152-Tugas6.exe
